SF:lib/src/auth_module.dart
DA:16,0
DA:17,0
DA:18,0
DA:19,0
DA:20,0
DA:21,0
DA:22,0
DA:34,0
DA:37,0
DA:40,0
DA:43,0
DA:46,0
DA:49,0
DA:52,0
DA:53,0
DA:54,0
DA:55,0
DA:56,0
DA:57,0
LF:19
LH:0
end_of_record
SF:lib/src/domain/entities/user.dart
DA:5,3
DA:15,3
DA:16,12
LF:3
LH:3
end_of_record
SF:lib/src/domain/usecases/forgot_password_usecase.dart
DA:5,2
DA:10,1
DA:11,2
LF:3
LH:3
end_of_record
SF:lib/src/domain/usecases/get_current_user_usecase.dart
DA:6,1
DA:11,1
DA:12,2
LF:3
LH:3
end_of_record
SF:lib/src/domain/usecases/login_usecase.dart
DA:6,2
DA:11,1
DA:15,2
LF:3
LH:3
end_of_record
SF:lib/src/domain/usecases/logout_usecase.dart
DA:5,2
DA:10,1
DA:11,2
LF:3
LH:3
end_of_record
SF:lib/src/domain/usecases/register_usecase.dart
DA:6,2
DA:11,1
DA:16,2
LF:3
LH:3
end_of_record
SF:lib/src/data/datasources/mock_auth_datasource.dart
DA:10,0
DA:17,0
DA:23,0
DA:26,0
DA:28,0
DA:29,0
DA:30,0
DA:31,0
DA:34,0
DA:36,0
DA:37,0
DA:43,0
DA:44,0
DA:46,0
DA:49,0
DA:53,0
DA:60,0
DA:62,0
DA:63,0
DA:69,0
DA:71,0
DA:72,0
DA:73,0
DA:76,0
DA:80,0
DA:83,0
DA:87,0
DA:89,0
DA:92,0
DA:94,0
DA:96,0
DA:99,0
DA:101,0
LF:33
LH:0
end_of_record
SF:lib/src/data/models/user_model.dart
DA:5,2
DA:12,1
DA:13,1
DA:14,1
DA:15,1
DA:16,1
DA:21,1
DA:22,1
DA:23,1
DA:24,1
DA:25,1
DA:30,1
DA:31,1
DA:32,1
DA:33,1
DA:34,1
LF:16
LH:16
end_of_record
SF:lib/src/data/repositories/auth_repository_impl.dart
DA:7,1
DA:11,1
DA:16,2
DA:19,1
DA:25,2
DA:32,1
DA:34,2
DA:37,1
DA:39,2
DA:42,1
DA:44,2
DA:47,1
DA:49,2
LF:13
LH:13
end_of_record
SF:lib/src/presentation/bloc/auth_state.dart
DA:5,5
DA:7,1
DA:8,1
DA:13,4
DA:18,4
DA:23,1
DA:27,1
DA:28,2
DA:33,4
DA:38,1
DA:42,1
DA:43,2
DA:48,4
LF:13
LH:13
end_of_record
SF:lib/src/presentation/bloc/auth_event.dart
DA:5,0
DA:7,1
DA:8,1
DA:13,0
DA:18,0
DA:26,1
DA:27,3
DA:32,0
DA:42,1
DA:43,4
DA:48,0
DA:52,1
DA:53,2
DA:58,0
LF:14
LH:8
end_of_record
SF:lib/src/presentation/bloc/auth_bloc.dart
DA:16,1
DA:27,1
DA:28,2
DA:29,2
DA:30,2
DA:31,2
DA:32,2
DA:41,1
DA:45,1
DA:47,2
DA:49,2
DA:51,1
DA:54,1
DA:58,1
DA:62,1
DA:64,2
DA:65,1
DA:66,1
DA:68,2
DA:70,3
DA:74,1
DA:78,1
DA:80,2
DA:81,1
DA:82,1
DA:83,1
DA:85,2
DA:87,3
DA:91,1
DA:95,1
DA:97,3
DA:98,1
DA:100,3
DA:104,1
DA:108,1
DA:110,2
DA:111,1
DA:113,3
LF:38
LH:38
end_of_record
SF:lib/src/presentation/pages/forgot_password_page.dart
DA:10,0
DA:12,0
DA:13,0
DA:20,0
DA:22,0
DA:23,0
DA:26,0
DA:27,0
DA:28,0
DA:29,0
DA:34,0
DA:35,0
DA:38,0
DA:44,0
DA:46,0
DA:48,0
DA:50,0
DA:52,0
DA:54,0
DA:55,0
DA:56,0
DA:57,0
DA:58,0
DA:59,0
DA:63,0
DA:66,0
DA:67,0
DA:69,0
DA:70,0
DA:72,0
DA:73,0
DA:74,0
DA:76,0
DA:78,0
DA:81,0
DA:84,0
DA:86,0
DA:90,0
DA:92,0
DA:94,0
DA:99,0
DA:100,0
DA:101,0
DA:103,0
DA:106,0
DA:107,0
DA:113,0
DA:114,0
LF:48
LH:0
end_of_record
SF:lib/src/presentation/pages/login_page.dart
DA:10,0
DA:12,0
DA:13,0
DA:21,0
DA:23,0
DA:24,0
DA:25,0
DA:28,0
DA:29,0
DA:30,0
DA:31,0
DA:32,0
DA:33,0
DA:39,0
DA:40,0
DA:43,0
DA:49,0
DA:50,0
DA:53,0
DA:59,0
DA:61,0
DA:63,0
DA:65,0
DA:66,0
DA:67,0
DA:68,0
DA:71,0
DA:72,0
DA:74,0
DA:75,0
DA:77,0
DA:78,0
DA:79,0
DA:81,0
DA:83,0
DA:85,0
DA:89,0
DA:91,0
DA:93,0
DA:98,0
DA:99,0
DA:100,0
DA:104,0
DA:105,0
DA:106,0
DA:109,0
DA:112,0
DA:114,0
DA:117,0
DA:122,0
DA:123,0
DA:129,0
DA:131,0
DA:132,0
DA:134,0
DA:136,0
DA:139,0
LF:57
LH:0
end_of_record
SF:lib/src/presentation/pages/register_page.dart
DA:10,0
DA:12,0
DA:13,0
DA:23,0
DA:25,0
DA:26,0
DA:27,0
DA:28,0
DA:29,0
DA:32,0
DA:33,0
DA:34,0
DA:35,0
DA:36,0
DA:37,0
DA:38,0
DA:44,0
DA:45,0
DA:51,0
DA:52,0
DA:55,0
DA:61,0
DA:62,0
DA:65,0
DA:71,0
DA:72,0
DA:75,0
DA:81,0
DA:83,0
DA:85,0
DA:87,0
DA:89,0
DA:91,0
DA:92,0
DA:93,0
DA:94,0
DA:97,0
DA:98,0
DA:100,0
DA:101,0
DA:103,0
DA:104,0
DA:105,0
DA:107,0
DA:109,0
DA:111,0
DA:115,0
DA:117,0
DA:119,0
DA:124,0
DA:125,0
DA:128,0
DA:133,0
DA:134,0
DA:135,0
DA:139,0
DA:140,0
DA:141,0
DA:146,0
DA:147,0
DA:149,0
DA:152,0
DA:155,0
DA:156,0
DA:162,0
DA:164,0
DA:165,0
DA:167,0
DA:169,0
DA:170,0
LF:70
LH:0
end_of_record
SF:lib/src/presentation/navigation/auth_navigation_provider.dart
DA:7,0
DA:19,0
DA:21,0
DA:23,0
DA:27,0
DA:33,0
DA:35,0
DA:36,0
DA:39,0
DA:41,0
LF:10
LH:0
end_of_record
